<?xml version="1.0" encoding="utf-8"?>
<ead xmlns="urn:isbn:1-931666-22-9" xmlns:xlink="http://www.w3.org/1999/xlink" xmlns:xsi="http://www.w3.org/2001/XMLSchema-instance" xsi:schemaLocation="urn:isbn:1-931666-22-9 http://www.loc.gov/ead/ead.xsd">
    <eadheader countryencoding="iso3166-1" dateencoding="iso8601" langencoding="iso639-2b" repositoryencoding="iso15511">
        <eadid url="http://dlib.nyu.edu/findingaids/html/poly/poly_rg_017">poly_rg_017</eadid>
        <filedesc>
            <titlestmt>
                <titleproper>Guide to the Center for Urban Environmental Studies (CUES) Records <num>RG.017</num></titleproper>
                <author>Lindsay Anderberg</author>
            </titlestmt>
            <publicationstmt>
                <publisher>Poly Archives at the Bern Dibner Library of Science and Technology, NYU Libraries</publisher>
                <p>
                    <date>2013 August 5</date>
                </p>
                <address>
                    <addressline>Bern Dibner Library of Science and Technology</addressline>
                    <addressline>NYU Libraries</addressline>
                    <addressline>5 MetroTech Center</addressline>
                    <addressline>Brooklyn 11201</addressline>
                    <addressline>polyarchives@nyu.edu</addressline>
                    <addressline>URL: <extptr xlink:href="https://library.nyu.edu/locations/poly-archives-special-collections/" xlink:show="new" xlink:title="https://library.nyu.edu/locations/poly-archives-special-collections/" xlink:type="simple"/></addressline>
                </address>
            </publicationstmt>
        </filedesc>
        <profiledesc>
            <creation>This finding aid was produced using ArchivesSpace on <date>2021-03-12 13:23:35 -0500</date>.</creation>
            <langusage>English</langusage>
            <descrules>Describing Archives: A Content Standard</descrules>
        </profiledesc>
    </eadheader>
    <archdesc level="collection">
        <did>
            <repository>
                <corpname>Poly Archives at the Bern Dibner Library of Science and Technology, NYU Libraries</corpname>
            </repository>
            <unittitle>Center for Urban Environmental Studies (CUES) Records</unittitle>
            <unitid>RG.017</unitid>
            <physdesc altrender="whole">
                <extent altrender="materialtype spaceoccupied">0.25 Cubic Feet</extent>
                <extent altrender="carrier">1 box</extent>
            </physdesc>
            <unitdate normal="1968/1975" type="inclusive">1968-1975</unitdate>
            <abstract id="aspace_29309fcc681dd15b3a6a5987fca401b7">The Center for Urban Environmental Studies (CUES) was an interdisciplinary program established at the Polytechnic Institute of Brooklyn (now NYU-Poly) in 1967.  In the 1970s, there were plans for CUES to construct a Fire Research Center in the Jay Street Firehouse.  These records contain correspondence, receipts, brochures, newsletters, and articles.</abstract>
            <physloc id="aspace_cc974c2ac5c5fe45d4f926f68e9fede6">Poly Archives &amp; Special Collections Bern Dibner Library of Science and Technology 5 MetroTech Center Brooklyn, NY 11201 Phone: (718) 260-3943 Fax: (718) 260-3756 archives@library.poly.edu</physloc>
            <langmaterial><language langcode="eng" scriptcode="Latn">English</language>
                .    </langmaterial>
        </did>
        <bioghist id="aspace_f7944af67f5a52c28a9efe1bfc053c94">
            <head>Biographical / Historical</head>
            <p>The Center for Urban Environmental Studies (CUES) was established at the Polytechnic Institute of Brooklyn (now NYU-Poly) in 1967.  The program, which drew from many departments within the university, aimed to pool resources and expand interdisciplinary research.  As such, CUES covered diverse topics such as transportation systems, pollution control in air, water, and waste, urban planning, building codes, biomedical engineering, flood control, urban sociology, and fire safety.  These research projects were sponsored by government, industry, and private funding.</p>
            <p>Directors of program included John G. Duba (then department head of Civil Engineering) and Paul R. DeCicco.  DeCicco was the guiding force behind the attempt to convert the historic Jay Street Firehouse into a Fire Research Center for CUES.</p>
            <p>CUES has not been listed in the Polytechnic course catalog since 1981.</p>
            <p>Sources:
                Center for Urban Studies brochure, circa 1970
                Polytechnic Institute of Brooklyn course catalogs, 1967-1983</p>
        </bioghist>
        <scopecontent id="aspace_28d30f1efa2f44643c30261ac451268e">
            <head>Scope and Contents</head>
            <p>The CUES records contain departmental correspondence and receipts mostly in regards to printing promotional materials and brochures.  These brochures are included in the collection as well as the CUES News newsletter and articles about CUES programs, especially joint initiatives with the New York Fire Department.</p>
        </scopecontent>
        <prefercite id="aspace_30773375bf7608851cd11bdb1b5f0ee1">
            <head>Preferred Citation</head>
            <p>Published citations should take the following form:</p>
            <p>Identification of item, date; RG-017: Center for Urban Environmental Studies (CUES) Records; box number; folder number; Poly Archives &amp; Special Collections at Bern Dibner Library of Science and Technology.</p>
        </prefercite>
        <userestrict id="aspace_87b90a258948e732c108b831108bfeba">
            <head>Conditions Governing Use</head>
            <p>Permission to publish materials must be obtained from:</p>
            <p>Poly Archives &amp; Special Collections
                Bern Dibner Library of Science and Technology
                5 MetroTech Center
                Brooklyn, NY 11201</p>
            <p>Phone: (718) 260-3943
                Fax: (718) 260-3756
                E-mail: archives@library.poly.edu</p>
        </userestrict>
        <accessrestrict id="aspace_c897bac457f2bf00a4d758953648c1e3">
            <head>Conditions Governing Access</head>
            <p>Open for research without restrictions.</p>
        </accessrestrict>
        <arrangement id="aspace_284cd7f6fd8e0d750fe23a45adb9908e">
            <head>Arrangement</head>
            <p>The collection is arranged into one series of records.  Within the series, items are arranged by format.</p>
        </arrangement>
        <relatedmaterial id="aspace_c89c5f078494b3f0c2448c1731282154">
            <head>Related Material at the Poly Archives</head>
            <p>Jay Street Firehouse Records</p>
        </relatedmaterial>
        <controlaccess>
            <genreform source="aat">Articles</genreform>
            <subject source="lcsh">Civil engineering</subject>
            <genreform source="aat">Correspondence</genreform>
            <genreform source="aat">Clippings</genreform>
            <genreform source="lcsh">Brochures</genreform>
            <corpname rules="dacs" source="local">Polytechnic Institute of Brooklyn. Center for Urban Environmental Studies.</corpname>
            <persname rules="local" source="local">DeCicco, Paul</persname>
        </controlaccess>
        <dsc>
            <c id="aspace_ref3_6ek" level="series">
                <did>
                    <unittitle>Series I: Records of the Center for Urban Environmental Students</unittitle>
                </did>
                <c id="aspace_ref4_dad" level="file">
                    <did>
                        <unittitle>Correspondence and receipts</unittitle>
                        <unitdate normal="1968/1969" type="inclusive">1968-1969</unitdate>
                        <container id="aspace_fc9d1990dc0760bfd2c871c9ac0b6270" label="Mixed Materials" type="box">1</container>
                        <container id="aspace_72b7fd816bc578261f02a961e8275594" parent="aspace_fc9d1990dc0760bfd2c871c9ac0b6270" type="folder">1</container>
                    </did>
                </c>
                <c id="aspace_ref5_h2z" level="file">
                    <did>
                        <unittitle>CUES News newsletter</unittitle>
                        <unitdate normal="1970/1973" type="inclusive">1970-1973</unitdate>
                        <container id="aspace_dd31937fbc5a0069ed37cc7cfe076187" label="Mixed Materials" type="box">1</container>
                        <container id="aspace_e3a2b159ce8422b1c68a8bc77dbf7ada" parent="aspace_dd31937fbc5a0069ed37cc7cfe076187" type="folder">2</container>
                    </did>
                </c>
                <c id="aspace_ref6_grb" level="file">
                    <did>
                        <unittitle>CUES brochures</unittitle>
                        <unitdate>circa 1970</unitdate>
                        <container id="aspace_6386bd43a1d5e2213c3236840bf22397" label="Mixed Materials" type="box">1</container>
                        <container id="aspace_87fbeb2728560d820b64b06d710cfd3f" parent="aspace_6386bd43a1d5e2213c3236840bf22397" type="folder">3</container>
                    </did>
                </c>
                <c id="aspace_ref7_qwe" level="file">
                    <did>
                        <unittitle>Industry publications</unittitle>
                        <unitdate normal="1970/1975" type="inclusive">1970-1975</unitdate>
                        <container id="aspace_64a7e1f5ec27651d2b5ec544f772681d" label="Mixed Materials" type="box">1</container>
                        <container id="aspace_ff164b1fec0c3d7631d042ad7aedfb7d" parent="aspace_64a7e1f5ec27651d2b5ec544f772681d" type="folder">4</container>
                    </did>
                </c>
                <c id="aspace_ref8_dyh" level="file">
                    <did>
                        <unittitle>Newspaper and magazine clippings</unittitle>
                        <unitdate>1971, undated</unitdate>
                        <container id="aspace_bf110ad17f8a3cb243614ccde3207d04" label="Mixed Materials" type="box">1</container>
                        <container id="aspace_94eebd6d7d34656d3d4d649fb27e55ca" parent="aspace_bf110ad17f8a3cb243614ccde3207d04" type="folder">5</container>
                    </did>
                </c>
            </c>
        </dsc>
    </archdesc>
</ead>
